MPASM 5.70                         PARTB.ASM   4-27-2023  20:39:57         PAGE  1


LOC  OBJECT CODE     LINE SOURCE TEXT
  VALUE

                      00001 ;**********************************************************************
                      00002 ;                                                                     *
                      00003 ;   This file is a basic code template for assembly code generation   *
                      00004 ;   on the PIC16F84A. This file contains the basic code               *
                      00005 ;   building blocks to build upon.                                    *
                      00006 ;                                                                     *
                      00007 ;   Refer to the MPASM User's Guide for additional information on     *
                      00008 ;   features of the assembler (Document DS33014).                     *
                      00009 ;                                                                     *
                      00010 ;   Refer to the respective PIC data sheet for additional             *
                      00011 ;   information on the instruction set.                               *
                      00012 ;                                                                     *
                      00013 ;**********************************************************************
                      00014 ;                                                                     *
                      00015 ;    Filename:        xxx.asm                                         *
                      00016 ;    Date:                                                            *
                      00017 ;    File Version:                                                    *
                      00018 ;                                                                     *
                      00019 ;    Author:                                                          *
                      00020 ;    Company:                                                         *
                      00021 ;                                                                     *
                      00022 ;                                                                     *
                      00023 ;**********************************************************************
                      00024 ;                                                                     *
                      00025 ;    Files required: P16F84A.INC                                      *
                      00026 ;                                                                     *
                      00027 ;                                                                     *
                      00028 ;                                                                     *
                      00029 ;**********************************************************************
                      00030 ;                                                                     *
                      00031 ;    Notes:                                                           *
                      00032 ;                                                                     *
                      00033 ;                                                                     *
                      00034 ;                                                                     *
                      00035 ;                                                                     *
                      00036 ;**********************************************************************
                      00037 
                      00038 
                      00039     list      p=16F84A             ; list directive to define processor
                      00040     #include <p16F84a.inc>         ; processor specific variable definitions
                      00001         LIST
                      00002 
                      00003 ;==========================================================================
                      00004 ; Build date : Sep 13 2016
                      00005 ;  MPASM PIC16F84A processor include
                      00006 ; 
                      00007 ;  (c) Copyright 1999-2016 Microchip Technology, All rights reserved
                      00008 ;==========================================================================
                      00009 
                      00209         LIST
                      00041 
2007   3FF3           00042     __CONFIG   _CP_OFF & _WDT_OFF & _PWRTE_ON & _RC_OSC
                      00043 
MPASM 5.70                         PARTB.ASM   4-27-2023  20:39:57         PAGE  2


LOC  OBJECT CODE     LINE SOURCE TEXT
  VALUE

                      00044 ; '__CONFIG' directive is used to embed configuration data within .asm file.
                      00045 ; The lables following the directive are located in the respective .inc file.
                      00046 ; See respective data sheet for additional information on configuration word.
                      00047 
                      00048 ;***** VARIABLE DEFINITIONS
  0000000C            00049 w_temp        EQU     0x0C        ; variable used for context saving 
  0000000D            00050 status_temp   EQU     0x0D        ; variable used for context saving
  0000000E            00051 my_result     EQU     0x0E
                      00052 ;**********************************************************************
                      00053 RESET_VECTOR      CODE    0x0000  ; processor reset vector
0000   2???           00054         goto    start             ; go to beginning of program
                      00055 
                      00056 ISR               CODE    0x0004  ; interrupt vector location
                      00057 
0004                  00058 Interrupt:
                      00059 
0004   008C           00060         movwf  w_temp             ; save off current W register contents
0005   0803           00061         movf   STATUS,w           ; move status register into W register
0006   008D           00062         movwf  status_temp        ; save off contents of STATUS register
                      00063 
                      00064 ;  Place ISR Here
                      00065 
0007   080D           00066         movf   status_temp,w      ; retrieve copy of STATUS register
0008   0083           00067         movwf  STATUS             ; restore pre-isr STATUS register contents
0009   0E8C           00068         swapf  w_temp,f
000A   0E0C           00069         swapf  w_temp,w           ; restore pre-isr W register contents
000B   0009           00070         retfie                    ; return from interrupt
                      00071 
                      00072 MAIN_PROGRAM    CODE
                      00073 
0000                  00074 start:
                      00075 
                      00076 ; remaining code goes here
                      00077     ; Caio Albuquerque
0000   018E           00078     clrf my_result
                      00079     ; Add 1 to my_result ten times
0001   0A8E           00080     incf my_result,f ; make sure you increment my_result nine more times
0002   0A8E           00081     incf my_result, f
0003   0A8E           00082     incf my_result, f
0004   0A8E           00083     incf my_result, f
0005   0A8E           00084     incf my_result, f
0006   0A8E           00085     incf my_result, f
0007   0A8E           00086     incf my_result, f
0008   0A8E           00087     incf my_result, f
0009   0A8E           00088     incf my_result, f
000A   0A8E           00089     incf my_result, f
                      00090     
000B   3003           00091     movlw 3 ; this line writes 3 to w-reg
000C   028E           00092     subwf my_result,f ; this line will subtract 3 from my_result
                      00093     ; repeat the subtraction line three more times
000D   028E           00094     subwf my_result,f
000E   028E           00095     subwf my_result,f
000F   028E           00096     subwf my_result,f
MPASM 5.70                         PARTB.ASM   4-27-2023  20:39:57         PAGE  3


LOC  OBJECT CODE     LINE SOURCE TEXT
  VALUE

                      00097     
0010   3001           00098     movlw 1
0011   068E           00099     xorwf my_result,1
                      00100     
                      00101     
0012                  00102 fin:
0012   2???           00103     goto fin
                      00104     
                      00105     
                      00106 
                      00107   
3FF3                  00108         END                       ; directive 'end of program'
MPASM 5.70                         PARTB.ASM   4-27-2023  20:39:57         PAGE  4


SYMBOL TABLE
  LABEL                             VALUE 

C                                 00000000
DC                                00000001
EEADR                             00000009
EECON1                            00000088
EECON2                            00000089
EEDATA                            00000008
EEIE                              00000006
EEIF                              00000004
F                                 00000001
FSR                               00000004
GIE                               00000007
INDF                              00000000
INTCON                            0000000B
INTE                              00000004
INTEDG                            00000006
INTF                              00000001
IRP                               00000007
Interrupt                         00000004
NOT_PD                            00000003
NOT_RBPU                          00000007
NOT_TO                            00000004
OPTION_REG                        00000081
PCL                               00000002
PCLATH                            0000000A
PORTA                             00000005
PORTB                             00000006
PS0                               00000000
PS1                               00000001
PS2                               00000002
PSA                               00000003
RA0                               00000000
RA1                               00000001
RA2                               00000002
RA3                               00000003
RA4                               00000004
RB0                               00000000
RB1                               00000001
RB2                               00000002
RB3                               00000003
RB4                               00000004
RB5                               00000005
RB6                               00000006
RB7                               00000007
RBIE                              00000003
RBIF                              00000000
RD                                00000000
RP0                               00000005
RP1                               00000006
STATUS                            00000003
T0CS                              00000005
T0IE                              00000005
T0IF                              00000002
T0SE                              00000004
MPASM 5.70                         PARTB.ASM   4-27-2023  20:39:57         PAGE  5


SYMBOL TABLE
  LABEL                             VALUE 

TMR0                              00000001
TMR0IE                            00000005
TMR0IF                            00000002
TRISA                             00000085
TRISA0                            00000000
TRISA1                            00000001
TRISA2                            00000002
TRISA3                            00000003
TRISA4                            00000004
TRISB                             00000086
TRISB0                            00000000
TRISB1                            00000001
TRISB2                            00000002
TRISB3                            00000003
TRISB4                            00000004
TRISB5                            00000005
TRISB6                            00000006
TRISB7                            00000007
W                                 00000000
WR                                00000001
WREN                              00000002
WRERR                             00000003
Z                                 00000002
_CONFIG                           00002007
_CP_OFF                           00003FFF
_CP_ON                            0000000F
_DEVID1                           00002006
_FOSC_EXTRC                       00003FFF
_FOSC_HS                          00003FFE
_FOSC_LP                          00003FFC
_FOSC_XT                          00003FFD
_HS_OSC                           00003FFE
_IDLOC0                           00002000
_IDLOC1                           00002001
_IDLOC2                           00002002
_IDLOC3                           00002003
_LP_OSC                           00003FFC
_PWRTE_OFF                        00003FFF
_PWRTE_ON                         00003FF7
_RC_OSC                           00003FFF
_WDTE_OFF                         00003FFB
_WDTE_ON                          00003FFF
_WDT_OFF                          00003FFB
_WDT_ON                           00003FFF
_XT_OSC                           00003FFD
__16F84A                          00000001
__DEBUG                           
__MPLAB_DEBUGGER_SIMULATOR        1
fin                               00000012
my_result                         0000000E
start                             00000000
status_temp                       0000000D
w_temp                            0000000C
MPASM 5.70                         PARTB.ASM   4-27-2023  20:39:57         PAGE  6






Errors   :     0
Warnings :     0 reported,     0 suppressed
Messages :     0 reported,     0 suppressed

